\BOOKMARK [0][-]{dummy.1}{\376\377\000D\000e\000c\000l\000a\000r\000a\000t\000i\000o\000n\000\040\000o\000f\000\040\000A\000u\000t\000h\000o\000r\000s\000h\000i\000p}{}% 1
\BOOKMARK [0][-]{dummy.2}{\376\377\000A\000b\000s\000t\000r\000a\000c\000t}{}% 2
\BOOKMARK [0][-]{dummy.3}{\376\377\000A\000c\000k\000n\000o\000w\000l\000e\000d\000g\000e\000m\000e\000n\000t\000s}{}% 3
\BOOKMARK [0][-]{dummy.4}{\376\377\000C\000o\000n\000t\000e\000n\000t\000s}{}% 4
\BOOKMARK [0][-]{dummy.6}{\376\377\000L\000i\000s\000t\000\040\000o\000f\000\040\000F\000i\000g\000u\000r\000e\000s}{}% 5
\BOOKMARK [0][-]{dummy.8}{\376\377\000L\000i\000s\000t\000\040\000o\000f\000\040\000T\000a\000b\000l\000e\000s}{}% 6
\BOOKMARK [0][-]{dummy.10}{\376\377\000A\000b\000b\000r\000e\000v\000i\000a\000t\000i\000o\000n\000s}{}% 7
\BOOKMARK [0][-]{chapter.13}{\376\377\0001\000\040\000I\000n\000t\000r\000o\000d\000u\000c\000t\000i\000o\000n}{}% 8
\BOOKMARK [0][-]{chapter.14}{\376\377\0002\000\040\000M\000e\000t\000h\000o\000d\000o\000l\000o\000g\000y}{}% 9
\BOOKMARK [0][-]{chapter.27}{\376\377\0003\000\040\000S\000e\000n\000s\000i\000t\000i\000v\000i\000t\000y\000\040\000s\000t\000u\000d\000y}{}% 10
\BOOKMARK [1][-]{section.28}{\376\377\0003\000.\0001\000\040\000S\000y\000n\000t\000h\000e\000t\000i\000c\000\040\000D\000a\000t\000a}{chapter.27}% 11
\BOOKMARK [1][-]{section.31}{\376\377\0003\000.\0002\000\040\000D\000a\000t\000a\000\040\000S\000i\000z\000e}{chapter.27}% 12
\BOOKMARK [1][-]{section.33}{\376\377\0003\000.\0003\000\040\000Q\000u\000a\000l\000i\000t\000y\000\040\000o\000f\000\040\000t\000h\000e\000\040\000D\000a\000t\000a}{chapter.27}% 13
\BOOKMARK [1][-]{section.36}{\376\377\0003\000.\0004\000\040\000D\000i\000s\000c\000r\000e\000t\000i\000z\000a\000t\000i\000o\000n}{chapter.27}% 14
\BOOKMARK [1][-]{section.39}{\376\377\0003\000.\0005\000\040\000S\000a\000m\000p\000l\000e\000\040\000B\000i\000a\000s}{chapter.27}% 15
\BOOKMARK [1][-]{section.41}{\376\377\0003\000.\0006\000\040\000C\000h\000o\000i\000c\000e\000\040\000o\000f\000\040\000P\000r\000i\000o\000r\000\040\000D\000i\000s\000t\000r\000i\000b\000u\000t\000i\000o\000n}{chapter.27}% 16
\BOOKMARK [1][-]{section.47}{\376\377\0003\000.\0007\000\040\000E\000x\000t\000e\000n\000d\000e\000d\000\040\000S\000o\000u\000r\000c\000e}{chapter.27}% 17
\BOOKMARK [0][-]{chapter.54}{\376\377\0004\000\040\000C\000a\000s\000e\000\040\000S\000t\000u\000d\000y}{}% 18
\BOOKMARK [1][-]{section.56}{\376\377\0004\000.\0001\000\040\000D\000a\000t\000a}{chapter.54}% 19
\BOOKMARK [1][-]{section.58}{\376\377\0004\000.\0002\000\040\000H\000a\000n\000d\000l\000i\000n\000g\000\040\000u\000n\000c\000e\000r\000t\000a\000i\000n\000\040\000d\000a\000t\000a}{chapter.54}% 20
\BOOKMARK [1][-]{section.60}{\376\377\0004\000.\0003\000\040\000C\000o\000m\000p\000a\000r\000i\000s\000o\000n\000\040\000t\000o\000\040\000o\000t\000h\000e\000r\000\040\000s\000t\000u\000d\000i\000e\000s}{chapter.54}% 21
\BOOKMARK [1][-]{section.62}{\376\377\0004\000.\0004\000\040\000E\000x\000t\000e\000n\000d\000e\000d\000\040\000S\000o\000u\000r\000c\000e}{chapter.54}% 22
\BOOKMARK [0][-]{chapter.63}{\376\377\0005\000\040\000C\000o\000n\000c\000l\000u\000s\000i\000o\000n\000s}{}% 23
\BOOKMARK [0][-]{appendix.64}{\376\377\000A\000\040\000D\000a\000t\000a}{}% 24
\BOOKMARK [0][-]{dummy.66}{\376\377\000B\000i\000b\000l\000i\000o\000g\000r\000a\000p\000h\000y}{}% 25
